2019/09/04-09:22 [main] INFO  com.hanz.stuspringbootdemo.UserServiceTests- Starting UserServiceTests on SKY-20180630DXE with PID 4188 (started by Administrator in E:\Project\ideaworkspace\stu-springboot-demo)
2019/09/04-09:22 [main] INFO  com.hanz.stuspringbootdemo.UserServiceTests- No active profile set, falling back to default profiles: default
2019/09/04-09:22 [main] INFO  org.springframework.context.support.PostProcessorRegistrationDelegate$BeanPostProcessorChecker- Bean 'org.springframework.transaction.annotation.ProxyTransactionManagementConfiguration' of type [org.springframework.transaction.annotation.ProxyTransactionManagementConfiguration$$EnhancerBySpringCGLIB$$9caf024c] is not eligible for getting processed by all BeanPostProcessors (for example: not eligible for auto-proxying)
2019/09/04-09:22 [main] INFO  com.hanz.stuspringbootdemo.config.jedis.JedisConfig- JedisPool注入成功！
2019/09/04-09:22 [main] INFO  com.hanz.stuspringbootdemo.config.jedis.JedisConfig- redis地址：127.0.0.1:6379
2019/09/04-09:22 [main] WARN  org.springframework.web.context.support.GenericWebApplicationContext- Exception encountered during context initialization - cancelling refresh attempt: org.springframework.beans.factory.UnsatisfiedDependencyException: Error creating bean with name 'userContorller': Unsatisfied dependency expressed through field 'userService'; nested exception is org.springframework.beans.factory.UnsatisfiedDependencyException: Error creating bean with name 'userServiceImpl': Unsatisfied dependency expressed through field 'userMapper'; nested exception is org.springframework.beans.factory.UnsatisfiedDependencyException: Error creating bean with name 'userMapper' defined in file [E:\Project\ideaworkspace\stu-springboot-demo\target\classes\com\hanz\stuspringbootdemo\dao\UserMapper.class]: Unsatisfied dependency expressed through bean property 'sqlSessionFactory'; nested exception is org.springframework.beans.factory.BeanCreationException: Error creating bean with name 'sqlSessionFactory' defined in class path resource [org/mybatis/spring/boot/autoconfigure/MybatisAutoConfiguration.class]: Bean instantiation via factory method failed; nested exception is org.springframework.beans.BeanInstantiationException: Failed to instantiate [org.apache.ibatis.session.SqlSessionFactory]: Factory method 'sqlSessionFactory' threw exception; nested exception is org.springframework.core.NestedIOException: Failed to parse mapping resource: 'file [E:\Project\ideaworkspace\stu-springboot-demo\target\classes\mybatis\shiro\PermissionMapper.xml]'; nested exception is org.apache.ibatis.builder.BuilderException: Error parsing Mapper XML. The XML location is 'file [E:\Project\ideaworkspace\stu-springboot-demo\target\classes\mybatis\shiro\PermissionMapper.xml]'. Cause: org.apache.ibatis.builder.BuilderException: Error resolving class. Cause: org.apache.ibatis.type.TypeException: Could not resolve type alias 'com.hanz.studemo.domain.Permission'.  Cause: java.lang.ClassNotFoundException: Cannot find class: com.hanz.studemo.domain.Permission
2019/09/04-09:22 [main] INFO  org.springframework.boot.autoconfigure.logging.ConditionEvaluationReportLoggingListener- 

Error starting ApplicationContext. To display the conditions report re-run your application with 'debug' enabled.
2019/09/04-09:22 [main] ERROR org.springframework.boot.SpringApplication- Application run failed
org.springframework.beans.factory.UnsatisfiedDependencyException: Error creating bean with name 'userContorller': Unsatisfied dependency expressed through field 'userService'; nested exception is org.springframework.beans.factory.UnsatisfiedDependencyException: Error creating bean with name 'userServiceImpl': Unsatisfied dependency expressed through field 'userMapper'; nested exception is org.springframework.beans.factory.UnsatisfiedDependencyException: Error creating bean with name 'userMapper' defined in file [E:\Project\ideaworkspace\stu-springboot-demo\target\classes\com\hanz\stuspringbootdemo\dao\UserMapper.class]: Unsatisfied dependency expressed through bean property 'sqlSessionFactory'; nested exception is org.springframework.beans.factory.BeanCreationException: Error creating bean with name 'sqlSessionFactory' defined in class path resource [org/mybatis/spring/boot/autoconfigure/MybatisAutoConfiguration.class]: Bean instantiation via factory method failed; nested exception is org.springframework.beans.BeanInstantiationException: Failed to instantiate [org.apache.ibatis.session.SqlSessionFactory]: Factory method 'sqlSessionFactory' threw exception; nested exception is org.springframework.core.NestedIOException: Failed to parse mapping resource: 'file [E:\Project\ideaworkspace\stu-springboot-demo\target\classes\mybatis\shiro\PermissionMapper.xml]'; nested exception is org.apache.ibatis.builder.BuilderException: Error parsing Mapper XML. The XML location is 'file [E:\Project\ideaworkspace\stu-springboot-demo\target\classes\mybatis\shiro\PermissionMapper.xml]'. Cause: org.apache.ibatis.builder.BuilderException: Error resolving class. Cause: org.apache.ibatis.type.TypeException: Could not resolve type alias 'com.hanz.studemo.domain.Permission'.  Cause: java.lang.ClassNotFoundException: Cannot find class: com.hanz.studemo.domain.Permission
	at org.springframework.beans.factory.annotation.AutowiredAnnotationBeanPostProcessor$AutowiredFieldElement.inject(AutowiredAnnotationBeanPostProcessor.java:596)
	at org.springframework.beans.factory.annotation.InjectionMetadata.inject(InjectionMetadata.java:90)
	at org.springframework.beans.factory.annotation.AutowiredAnnotationBeanPostProcessor.postProcessProperties(AutowiredAnnotationBeanPostProcessor.java:374)
	at org.springframework.beans.factory.support.AbstractAutowireCapableBeanFactory.populateBean(AbstractAutowireCapableBeanFactory.java:1411)
	at org.springframework.beans.factory.support.AbstractAutowireCapableBeanFactory.doCreateBean(AbstractAutowireCapableBeanFactory.java:592)
	at org.springframework.beans.factory.support.AbstractAutowireCapableBeanFactory.createBean(AbstractAutowireCapableBeanFactory.java:515)
	at org.springframework.beans.factory.support.AbstractBeanFactory.lambda$doGetBean$0(AbstractBeanFactory.java:320)
	at org.springframework.beans.factory.support.AbstractBeanFactory$$Lambda$117/1817154869.getObject(Unknown Source)
	at org.springframework.beans.factory.support.DefaultSingletonBeanRegistry.getSingleton(DefaultSingletonBeanRegistry.java:222)
	at org.springframework.beans.factory.support.AbstractBeanFactory.doGetBean(AbstractBeanFactory.java:318)
	at org.springframework.beans.factory.support.AbstractBeanFactory.getBean(AbstractBeanFactory.java:199)
	at org.springframework.beans.factory.support.DefaultListableBeanFactory.preInstantiateSingletons(DefaultListableBeanFactory.java:843)
	at org.springframework.context.support.AbstractApplicationContext.finishBeanFactoryInitialization(AbstractApplicationContext.java:877)
	at org.springframework.context.support.AbstractApplicationContext.refresh(AbstractApplicationContext.java:549)
	at org.springframework.boot.SpringApplication.refresh(SpringApplication.java:775)
	at org.springframework.boot.SpringApplication.refreshContext(SpringApplication.java:397)
	at org.springframework.boot.SpringApplication.run(SpringApplication.java:316)
	at org.springframework.boot.test.context.SpringBootContextLoader.loadContext(SpringBootContextLoader.java:127)
	at org.springframework.test.context.cache.DefaultCacheAwareContextLoaderDelegate.loadContextInternal(DefaultCacheAwareContextLoaderDelegate.java:99)
	at org.springframework.test.context.cache.DefaultCacheAwareContextLoaderDelegate.loadContext(DefaultCacheAwareContextLoaderDelegate.java:117)
	at org.springframework.test.context.support.DefaultTestContext.getApplicationContext(DefaultTestContext.java:108)
	at org.springframework.test.context.web.ServletTestExecutionListener.setUpRequestContextIfNecessary(ServletTestExecutionListener.java:190)
	at org.springframework.test.context.web.ServletTestExecutionListener.prepareTestInstance(ServletTestExecutionListener.java:132)
	at org.springframework.test.context.TestContextManager.prepareTestInstance(TestContextManager.java:246)
	at org.springframework.test.context.junit4.SpringJUnit4ClassRunner.createTest(SpringJUnit4ClassRunner.java:227)
	at org.springframework.test.context.junit4.SpringJUnit4ClassRunner$1.runReflectiveCall(SpringJUnit4ClassRunner.java:289)
	at org.junit.internal.runners.model.ReflectiveCallable.run(ReflectiveCallable.java:12)
	at org.springframework.test.context.junit4.SpringJUnit4ClassRunner.methodBlock(SpringJUnit4ClassRunner.java:291)
	at org.springframework.test.context.junit4.SpringJUnit4ClassRunner.runChild(SpringJUnit4ClassRunner.java:246)
	at org.springframework.test.context.junit4.SpringJUnit4ClassRunner.runChild(SpringJUnit4ClassRunner.java:97)
	at org.junit.runners.ParentRunner$3.run(ParentRunner.java:290)
	at org.junit.runners.ParentRunner$1.schedule(ParentRunner.java:71)
	at org.junit.runners.ParentRunner.runChildren(ParentRunner.java:288)
	at org.junit.runners.ParentRunner.access$000(ParentRunner.java:58)
	at org.junit.runners.ParentRunner$2.evaluate(ParentRunner.java:268)
	at org.springframework.test.context.junit4.statements.RunBeforeTestClassCallbacks.evaluate(RunBeforeTestClassCallbacks.java:61)
	at org.springframework.test.context.junit4.statements.RunAfterTestClassCallbacks.evaluate(RunAfterTestClassCallbacks.java:70)
	at org.junit.runners.ParentRunner.run(ParentRunner.java:363)
	at org.springframework.test.context.junit4.SpringJUnit4ClassRunner.run(SpringJUnit4ClassRunner.java:190)
	at org.junit.runner.JUnitCore.run(JUnitCore.java:137)
	at com.intellij.junit4.JUnit4IdeaTestRunner.startRunnerWithArgs(JUnit4IdeaTestRunner.java:68)
	at com.intellij.rt.execution.junit.IdeaTestRunner$Repeater.startRunnerWithArgs(IdeaTestRunner.java:47)
	at com.intellij.rt.execution.junit.JUnitStarter.prepareStreamsAndStart(JUnitStarter.java:242)
	at com.intellij.rt.execution.junit.JUnitStarter.main(JUnitStarter.java:70)
Caused by: org.springframework.beans.factory.UnsatisfiedDependencyException: Error creating bean with name 'userServiceImpl': Unsatisfied dependency expressed through field 'userMapper'; nested exception is org.springframework.beans.factory.UnsatisfiedDependencyException: Error creating bean with name 'userMapper' defined in file [E:\Project\ideaworkspace\stu-springboot-demo\target\classes\com\hanz\stuspringbootdemo\dao\UserMapper.class]: Unsatisfied dependency expressed through bean property 'sqlSessionFactory'; nested exception is org.springframework.beans.factory.BeanCreationException: Error creating bean with name 'sqlSessionFactory' defined in class path resource [org/mybatis/spring/boot/autoconfigure/MybatisAutoConfiguration.class]: Bean instantiation via factory method failed; nested exception is org.springframework.beans.BeanInstantiationException: Failed to instantiate [org.apache.ibatis.session.SqlSessionFactory]: Factory method 'sqlSessionFactory' threw exception; nested exception is org.springframework.core.NestedIOException: Failed to parse mapping resource: 'file [E:\Project\ideaworkspace\stu-springboot-demo\target\classes\mybatis\shiro\PermissionMapper.xml]'; nested exception is org.apache.ibatis.builder.BuilderException: Error parsing Mapper XML. The XML location is 'file [E:\Project\ideaworkspace\stu-springboot-demo\target\classes\mybatis\shiro\PermissionMapper.xml]'. Cause: org.apache.ibatis.builder.BuilderException: Error resolving class. Cause: org.apache.ibatis.type.TypeException: Could not resolve type alias 'com.hanz.studemo.domain.Permission'.  Cause: java.lang.ClassNotFoundException: Cannot find class: com.hanz.studemo.domain.Permission
	at org.springframework.beans.factory.annotation.AutowiredAnnotationBeanPostProcessor$AutowiredFieldElement.inject(AutowiredAnnotationBeanPostProcessor.java:596)
	at org.springframework.beans.factory.annotation.InjectionMetadata.inject(InjectionMetadata.java:90)
	at org.springframework.beans.factory.annotation.AutowiredAnnotationBeanPostProcessor.postProcessProperties(AutowiredAnnotationBeanPostProcessor.java:374)
	at org.springframework.beans.factory.support.AbstractAutowireCapableBeanFactory.populateBean(AbstractAutowireCapableBeanFactory.java:1411)
	at org.springframework.beans.factory.support.AbstractAutowireCapableBeanFactory.doCreateBean(AbstractAutowireCapableBeanFactory.java:592)
	at org.springframework.beans.factory.support.AbstractAutowireCapableBeanFactory.createBean(AbstractAutowireCapableBeanFactory.java:515)
	at org.springframework.beans.factory.support.AbstractBeanFactory.lambda$doGetBean$0(AbstractBeanFactory.java:320)
	at org.springframework.beans.factory.support.AbstractBeanFactory$$Lambda$117/1817154869.getObject(Unknown Source)
	at org.springframework.beans.factory.support.DefaultSingletonBeanRegistry.getSingleton(DefaultSingletonBeanRegistry.java:222)
	at org.springframework.beans.factory.support.AbstractBeanFactory.doGetBean(AbstractBeanFactory.java:318)
	at org.springframework.beans.factory.support.AbstractBeanFactory.getBean(AbstractBeanFactory.java:199)
	at org.springframework.beans.factory.config.DependencyDescriptor.resolveCandidate(DependencyDescriptor.java:277)
	at org.springframework.beans.factory.support.DefaultListableBeanFactory.doResolveDependency(DefaultListableBeanFactory.java:1248)
	at org.springframework.beans.factory.support.DefaultListableBeanFactory.resolveDependency(DefaultListableBeanFactory.java:1168)
	at org.springframework.beans.factory.annotation.AutowiredAnnotationBeanPostProcessor$AutowiredFieldElement.inject(AutowiredAnnotationBeanPostProcessor.java:593)
	... 43 common frames omitted
Caused by: org.springframework.beans.factory.UnsatisfiedDependencyException: Error creating bean with name 'userMapper' defined in file [E:\Project\ideaworkspace\stu-springboot-demo\target\classes\com\hanz\stuspringbootdemo\dao\UserMapper.class]: Unsatisfied dependency expressed through bean property 'sqlSessionFactory'; nested exception is org.springframework.beans.factory.BeanCreationException: Error creating bean with name 'sqlSessionFactory' defined in class path resource [org/mybatis/spring/boot/autoconfigure/MybatisAutoConfiguration.class]: Bean instantiation via factory method failed; nested exception is org.springframework.beans.BeanInstantiationException: Failed to instantiate [org.apache.ibatis.session.SqlSessionFactory]: Factory method 'sqlSessionFactory' threw exception; nested exception is org.springframework.core.NestedIOException: Failed to parse mapping resource: 'file [E:\Project\ideaworkspace\stu-springboot-demo\target\classes\mybatis\shiro\PermissionMapper.xml]'; nested exception is org.apache.ibatis.builder.BuilderException: Error parsing Mapper XML. The XML location is 'file [E:\Project\ideaworkspace\stu-springboot-demo\target\classes\mybatis\shiro\PermissionMapper.xml]'. Cause: org.apache.ibatis.builder.BuilderException: Error resolving class. Cause: org.apache.ibatis.type.TypeException: Could not resolve type alias 'com.hanz.studemo.domain.Permission'.  Cause: java.lang.ClassNotFoundException: Cannot find class: com.hanz.studemo.domain.Permission
	at org.springframework.beans.factory.support.AbstractAutowireCapableBeanFactory.autowireByType(AbstractAutowireCapableBeanFactory.java:1515)
	at org.springframework.beans.factory.support.AbstractAutowireCapableBeanFactory.populateBean(AbstractAutowireCapableBeanFactory.java:1395)
	at org.springframework.beans.factory.support.AbstractAutowireCapableBeanFactory.doCreateBean(AbstractAutowireCapableBeanFactory.java:592)
	at org.springframework.beans.factory.support.AbstractAutowireCapableBeanFactory.createBean(AbstractAutowireCapableBeanFactory.java:515)
	at org.springframework.beans.factory.support.AbstractBeanFactory.lambda$doGetBean$0(AbstractBeanFactory.java:320)
	at org.springframework.beans.factory.support.AbstractBeanFactory$$Lambda$117/1817154869.getObject(Unknown Source)
	at org.springframework.beans.factory.support.DefaultSingletonBeanRegistry.getSingleton(DefaultSingletonBeanRegistry.java:222)
	at org.springframework.beans.factory.support.AbstractBeanFactory.doGetBean(AbstractBeanFactory.java:318)
	at org.springframework.beans.factory.support.AbstractBeanFactory.getBean(AbstractBeanFactory.java:199)
	at org.springframework.beans.factory.config.DependencyDescriptor.resolveCandidate(DependencyDescriptor.java:277)
	at org.springframework.beans.factory.support.DefaultListableBeanFactory.doResolveDependency(DefaultListableBeanFactory.java:1248)
	at org.springframework.beans.factory.support.DefaultListableBeanFactory.resolveDependency(DefaultListableBeanFactory.java:1168)
	at org.springframework.beans.factory.annotation.AutowiredAnnotationBeanPostProcessor$AutowiredFieldElement.inject(AutowiredAnnotationBeanPostProcessor.java:593)
	... 57 common frames omitted
Caused by: org.springframework.beans.factory.BeanCreationException: Error creating bean with name 'sqlSessionFactory' defined in class path resource [org/mybatis/spring/boot/autoconfigure/MybatisAutoConfiguration.class]: Bean instantiation via factory method failed; nested exception is org.springframework.beans.BeanInstantiationException: Failed to instantiate [org.apache.ibatis.session.SqlSessionFactory]: Factory method 'sqlSessionFactory' threw exception; nested exception is org.springframework.core.NestedIOException: Failed to parse mapping resource: 'file [E:\Project\ideaworkspace\stu-springboot-demo\target\classes\mybatis\shiro\PermissionMapper.xml]'; nested exception is org.apache.ibatis.builder.BuilderException: Error parsing Mapper XML. The XML location is 'file [E:\Project\ideaworkspace\stu-springboot-demo\target\classes\mybatis\shiro\PermissionMapper.xml]'. Cause: org.apache.ibatis.builder.BuilderException: Error resolving class. Cause: org.apache.ibatis.type.TypeException: Could not resolve type alias 'com.hanz.studemo.domain.Permission'.  Cause: java.lang.ClassNotFoundException: Cannot find class: com.hanz.studemo.domain.Permission
	at org.springframework.beans.factory.support.ConstructorResolver.instantiate(ConstructorResolver.java:627)
	at org.springframework.beans.factory.support.ConstructorResolver.instantiateUsingFactoryMethod(ConstructorResolver.java:607)
	at org.springframework.beans.factory.support.AbstractAutowireCapableBeanFactory.instantiateUsingFactoryMethod(AbstractAutowireCapableBeanFactory.java:1321)
	at org.springframework.beans.factory.support.AbstractAutowireCapableBeanFactory.createBeanInstance(AbstractAutowireCapableBeanFactory.java:1160)
	at org.springframework.beans.factory.support.AbstractAutowireCapableBeanFactory.doCreateBean(AbstractAutowireCapableBeanFactory.java:555)
	at org.springframework.beans.factory.support.AbstractAutowireCapableBeanFactory.createBean(AbstractAutowireCapableBeanFactory.java:515)
	at org.springframework.beans.factory.support.AbstractBeanFactory.lambda$doGetBean$0(AbstractBeanFactory.java:320)
	at org.springframework.beans.factory.support.AbstractBeanFactory$$Lambda$117/1817154869.getObject(Unknown Source)
	at org.springframework.beans.factory.support.DefaultSingletonBeanRegistry.getSingleton(DefaultSingletonBeanRegistry.java:222)
	at org.springframework.beans.factory.support.AbstractBeanFactory.doGetBean(AbstractBeanFactory.java:318)
	at org.springframework.beans.factory.support.AbstractBeanFactory.getBean(AbstractBeanFactory.java:199)
	at org.springframework.beans.factory.config.DependencyDescriptor.resolveCandidate(DependencyDescriptor.java:277)
	at org.springframework.beans.factory.support.DefaultListableBeanFactory.doResolveDependency(DefaultListableBeanFactory.java:1248)
	at org.springframework.beans.factory.support.DefaultListableBeanFactory.resolveDependency(DefaultListableBeanFactory.java:1168)
	at org.springframework.beans.factory.support.AbstractAutowireCapableBeanFactory.autowireByType(AbstractAutowireCapableBeanFactory.java:1500)
	... 69 common frames omitted
Caused by: org.springframework.beans.BeanInstantiationException: Failed to instantiate [org.apache.ibatis.session.SqlSessionFactory]: Factory method 'sqlSessionFactory' threw exception; nested exception is org.springframework.core.NestedIOException: Failed to parse mapping resource: 'file [E:\Project\ideaworkspace\stu-springboot-demo\target\classes\mybatis\shiro\PermissionMapper.xml]'; nested exception is org.apache.ibatis.builder.BuilderException: Error parsing Mapper XML. The XML location is 'file [E:\Project\ideaworkspace\stu-springboot-demo\target\classes\mybatis\shiro\PermissionMapper.xml]'. Cause: org.apache.ibatis.builder.BuilderException: Error resolving class. Cause: org.apache.ibatis.type.TypeException: Could not resolve type alias 'com.hanz.studemo.domain.Permission'.  Cause: java.lang.ClassNotFoundException: Cannot find class: com.hanz.studemo.domain.Permission
	at org.springframework.beans.factory.support.SimpleInstantiationStrategy.instantiate(SimpleInstantiationStrategy.java:185)
	at org.springframework.beans.factory.support.ConstructorResolver.instantiate(ConstructorResolver.java:622)
	... 83 common frames omitted
Caused by: org.springframework.core.NestedIOException: Failed to parse mapping resource: 'file [E:\Project\ideaworkspace\stu-springboot-demo\target\classes\mybatis\shiro\PermissionMapper.xml]'; nested exception is org.apache.ibatis.builder.BuilderException: Error parsing Mapper XML. The XML location is 'file [E:\Project\ideaworkspace\stu-springboot-demo\target\classes\mybatis\shiro\PermissionMapper.xml]'. Cause: org.apache.ibatis.builder.BuilderException: Error resolving class. Cause: org.apache.ibatis.type.TypeException: Could not resolve type alias 'com.hanz.studemo.domain.Permission'.  Cause: java.lang.ClassNotFoundException: Cannot find class: com.hanz.studemo.domain.Permission
	at org.mybatis.spring.SqlSessionFactoryBean.buildSqlSessionFactory(SqlSessionFactoryBean.java:523)
	at org.mybatis.spring.SqlSessionFactoryBean.afterPropertiesSet(SqlSessionFactoryBean.java:380)
	at org.mybatis.spring.SqlSessionFactoryBean.getObject(SqlSessionFactoryBean.java:547)
	at org.mybatis.spring.boot.autoconfigure.MybatisAutoConfiguration.sqlSessionFactory(MybatisAutoConfiguration.java:153)
	at org.mybatis.spring.boot.autoconfigure.MybatisAutoConfiguration$$EnhancerBySpringCGLIB$$cf83537c.CGLIB$sqlSessionFactory$0(<generated>)
	at org.mybatis.spring.boot.autoconfigure.MybatisAutoConfiguration$$EnhancerBySpringCGLIB$$cf83537c$$FastClassBySpringCGLIB$$71321bf6.invoke(<generated>)
	at org.springframework.cglib.proxy.MethodProxy.invokeSuper(MethodProxy.java:244)
	at org.springframework.context.annotation.ConfigurationClassEnhancer$BeanMethodInterceptor.intercept(ConfigurationClassEnhancer.java:363)
	at org.mybatis.spring.boot.autoconfigure.MybatisAutoConfiguration$$EnhancerBySpringCGLIB$$cf83537c.sqlSessionFactory(<generated>)
	at sun.reflect.NativeMethodAccessorImpl.invoke0(Native Method)
	at sun.reflect.NativeMethodAccessorImpl.invoke(NativeMethodAccessorImpl.java:62)
	at sun.reflect.DelegatingMethodAccessorImpl.invoke(DelegatingMethodAccessorImpl.java:43)
	at java.lang.reflect.Method.invoke(Method.java:483)
	at org.springframework.beans.factory.support.SimpleInstantiationStrategy.instantiate(SimpleInstantiationStrategy.java:154)
	... 84 common frames omitted
Caused by: org.apache.ibatis.builder.BuilderException: Error parsing Mapper XML. The XML location is 'file [E:\Project\ideaworkspace\stu-springboot-demo\target\classes\mybatis\shiro\PermissionMapper.xml]'. Cause: org.apache.ibatis.builder.BuilderException: Error resolving class. Cause: org.apache.ibatis.type.TypeException: Could not resolve type alias 'com.hanz.studemo.domain.Permission'.  Cause: java.lang.ClassNotFoundException: Cannot find class: com.hanz.studemo.domain.Permission
	at org.apache.ibatis.builder.xml.XMLMapperBuilder.configurationElement(XMLMapperBuilder.java:120)
	at org.apache.ibatis.builder.xml.XMLMapperBuilder.parse(XMLMapperBuilder.java:92)
	at org.mybatis.spring.SqlSessionFactoryBean.buildSqlSessionFactory(SqlSessionFactoryBean.java:521)
	... 97 common frames omitted
Caused by: org.apache.ibatis.builder.BuilderException: Error resolving class. Cause: org.apache.ibatis.type.TypeException: Could not resolve type alias 'com.hanz.studemo.domain.Permission'.  Cause: java.lang.ClassNotFoundException: Cannot find class: com.hanz.studemo.domain.Permission
	at org.apache.ibatis.builder.BaseBuilder.resolveClass(BaseBuilder.java:118)
	at org.apache.ibatis.builder.xml.XMLMapperBuilder.resultMapElement(XMLMapperBuilder.java:265)
	at org.apache.ibatis.builder.xml.XMLMapperBuilder.resultMapElement(XMLMapperBuilder.java:252)
	at org.apache.ibatis.builder.xml.XMLMapperBuilder.resultMapElements(XMLMapperBuilder.java:244)
	at org.apache.ibatis.builder.xml.XMLMapperBuilder.configurationElement(XMLMapperBuilder.java:116)
	... 99 common frames omitted
Caused by: org.apache.ibatis.type.TypeException: Could not resolve type alias 'com.hanz.studemo.domain.Permission'.  Cause: java.lang.ClassNotFoundException: Cannot find class: com.hanz.studemo.domain.Permission
	at org.apache.ibatis.type.TypeAliasRegistry.resolveAlias(TypeAliasRegistry.java:120)
	at org.apache.ibatis.builder.BaseBuilder.resolveAlias(BaseBuilder.java:149)
	at org.apache.ibatis.builder.BaseBuilder.resolveClass(BaseBuilder.java:116)
	... 103 common frames omitted
Caused by: java.lang.ClassNotFoundException: Cannot find class: com.hanz.studemo.domain.Permission
	at org.apache.ibatis.io.ClassLoaderWrapper.classForName(ClassLoaderWrapper.java:200)
	at org.apache.ibatis.io.ClassLoaderWrapper.classForName(ClassLoaderWrapper.java:89)
	at org.apache.ibatis.io.Resources.classForName(Resources.java:261)
	at org.apache.ibatis.type.TypeAliasRegistry.resolveAlias(TypeAliasRegistry.java:116)
	... 105 common frames omitted
2019/09/04-09:22 [main] ERROR org.springframework.test.context.TestContextManager- Caught exception while allowing TestExecutionListener [org.springframework.test.context.web.ServletTestExecutionListener@2c78324b] to prepare test instance [com.hanz.stuspringbootdemo.UserServiceTests@16a2ed51]
java.lang.IllegalStateException: Failed to load ApplicationContext
	at org.springframework.test.context.cache.DefaultCacheAwareContextLoaderDelegate.loadContext(DefaultCacheAwareContextLoaderDelegate.java:125)
	at org.springframework.test.context.support.DefaultTestContext.getApplicationContext(DefaultTestContext.java:108)
	at org.springframework.test.context.web.ServletTestExecutionListener.setUpRequestContextIfNecessary(ServletTestExecutionListener.java:190)
	at org.springframework.test.context.web.ServletTestExecutionListener.prepareTestInstance(ServletTestExecutionListener.java:132)
	at org.springframework.test.context.TestContextManager.prepareTestInstance(TestContextManager.java:246)
	at org.springframework.test.context.junit4.SpringJUnit4ClassRunner.createTest(SpringJUnit4ClassRunner.java:227)
	at org.springframework.test.context.junit4.SpringJUnit4ClassRunner$1.runReflectiveCall(SpringJUnit4ClassRunner.java:289)
	at org.junit.internal.runners.model.ReflectiveCallable.run(ReflectiveCallable.java:12)
	at org.springframework.test.context.junit4.SpringJUnit4ClassRunner.methodBlock(SpringJUnit4ClassRunner.java:291)
	at org.springframework.test.context.junit4.SpringJUnit4ClassRunner.runChild(SpringJUnit4ClassRunner.java:246)
	at org.springframework.test.context.junit4.SpringJUnit4ClassRunner.runChild(SpringJUnit4ClassRunner.java:97)
	at org.junit.runners.ParentRunner$3.run(ParentRunner.java:290)
	at org.junit.runners.ParentRunner$1.schedule(ParentRunner.java:71)
	at org.junit.runners.ParentRunner.runChildren(ParentRunner.java:288)
	at org.junit.runners.ParentRunner.access$000(ParentRunner.java:58)
	at org.junit.runners.ParentRunner$2.evaluate(ParentRunner.java:268)
	at org.springframework.test.context.junit4.statements.RunBeforeTestClassCallbacks.evaluate(RunBeforeTestClassCallbacks.java:61)
	at org.springframework.test.context.junit4.statements.RunAfterTestClassCallbacks.evaluate(RunAfterTestClassCallbacks.java:70)
	at org.junit.runners.ParentRunner.run(ParentRunner.java:363)
	at org.springframework.test.context.junit4.SpringJUnit4ClassRunner.run(SpringJUnit4ClassRunner.java:190)
	at org.junit.runner.JUnitCore.run(JUnitCore.java:137)
	at com.intellij.junit4.JUnit4IdeaTestRunner.startRunnerWithArgs(JUnit4IdeaTestRunner.java:68)
	at com.intellij.rt.execution.junit.IdeaTestRunner$Repeater.startRunnerWithArgs(IdeaTestRunner.java:47)
	at com.intellij.rt.execution.junit.JUnitStarter.prepareStreamsAndStart(JUnitStarter.java:242)
	at com.intellij.rt.execution.junit.JUnitStarter.main(JUnitStarter.java:70)
Caused by: org.springframework.beans.factory.UnsatisfiedDependencyException: Error creating bean with name 'userContorller': Unsatisfied dependency expressed through field 'userService'; nested exception is org.springframework.beans.factory.UnsatisfiedDependencyException: Error creating bean with name 'userServiceImpl': Unsatisfied dependency expressed through field 'userMapper'; nested exception is org.springframework.beans.factory.UnsatisfiedDependencyException: Error creating bean with name 'userMapper' defined in file [E:\Project\ideaworkspace\stu-springboot-demo\target\classes\com\hanz\stuspringbootdemo\dao\UserMapper.class]: Unsatisfied dependency expressed through bean property 'sqlSessionFactory'; nested exception is org.springframework.beans.factory.BeanCreationException: Error creating bean with name 'sqlSessionFactory' defined in class path resource [org/mybatis/spring/boot/autoconfigure/MybatisAutoConfiguration.class]: Bean instantiation via factory method failed; nested exception is org.springframework.beans.BeanInstantiationException: Failed to instantiate [org.apache.ibatis.session.SqlSessionFactory]: Factory method 'sqlSessionFactory' threw exception; nested exception is org.springframework.core.NestedIOException: Failed to parse mapping resource: 'file [E:\Project\ideaworkspace\stu-springboot-demo\target\classes\mybatis\shiro\PermissionMapper.xml]'; nested exception is org.apache.ibatis.builder.BuilderException: Error parsing Mapper XML. The XML location is 'file [E:\Project\ideaworkspace\stu-springboot-demo\target\classes\mybatis\shiro\PermissionMapper.xml]'. Cause: org.apache.ibatis.builder.BuilderException: Error resolving class. Cause: org.apache.ibatis.type.TypeException: Could not resolve type alias 'com.hanz.studemo.domain.Permission'.  Cause: java.lang.ClassNotFoundException: Cannot find class: com.hanz.studemo.domain.Permission
	at org.springframework.beans.factory.annotation.AutowiredAnnotationBeanPostProcessor$AutowiredFieldElement.inject(AutowiredAnnotationBeanPostProcessor.java:596)
	at org.springframework.beans.factory.annotation.InjectionMetadata.inject(InjectionMetadata.java:90)
	at org.springframework.beans.factory.annotation.AutowiredAnnotationBeanPostProcessor.postProcessProperties(AutowiredAnnotationBeanPostProcessor.java:374)
	at org.springframework.beans.factory.support.AbstractAutowireCapableBeanFactory.populateBean(AbstractAutowireCapableBeanFactory.java:1411)
	at org.springframework.beans.factory.support.AbstractAutowireCapableBeanFactory.doCreateBean(AbstractAutowireCapableBeanFactory.java:592)
	at org.springframework.beans.factory.support.AbstractAutowireCapableBeanFactory.createBean(AbstractAutowireCapableBeanFactory.java:515)
	at org.springframework.beans.factory.support.AbstractBeanFactory.lambda$doGetBean$0(AbstractBeanFactory.java:320)
	at org.springframework.beans.factory.support.AbstractBeanFactory$$Lambda$117/1817154869.getObject(Unknown Source)
	at org.springframework.beans.factory.support.DefaultSingletonBeanRegistry.getSingleton(DefaultSingletonBeanRegistry.java:222)
	at org.springframework.beans.factory.support.AbstractBeanFactory.doGetBean(AbstractBeanFactory.java:318)
	at org.springframework.beans.factory.support.AbstractBeanFactory.getBean(AbstractBeanFactory.java:199)
	at org.springframework.beans.factory.support.DefaultListableBeanFactory.preInstantiateSingletons(DefaultListableBeanFactory.java:843)
	at org.springframework.context.support.AbstractApplicationContext.finishBeanFactoryInitialization(AbstractApplicationContext.java:877)
	at org.springframework.context.support.AbstractApplicationContext.refresh(AbstractApplicationContext.java:549)
	at org.springframework.boot.SpringApplication.refresh(SpringApplication.java:775)
	at org.springframework.boot.SpringApplication.refreshContext(SpringApplication.java:397)
	at org.springframework.boot.SpringApplication.run(SpringApplication.java:316)
	at org.springframework.boot.test.context.SpringBootContextLoader.loadContext(SpringBootContextLoader.java:127)
	at org.springframework.test.context.cache.DefaultCacheAwareContextLoaderDelegate.loadContextInternal(DefaultCacheAwareContextLoaderDelegate.java:99)
	at org.springframework.test.context.cache.DefaultCacheAwareContextLoaderDelegate.loadContext(DefaultCacheAwareContextLoaderDelegate.java:117)
	... 24 common frames omitted
Caused by: org.springframework.beans.factory.UnsatisfiedDependencyException: Error creating bean with name 'userServiceImpl': Unsatisfied dependency expressed through field 'userMapper'; nested exception is org.springframework.beans.factory.UnsatisfiedDependencyException: Error creating bean with name 'userMapper' defined in file [E:\Project\ideaworkspace\stu-springboot-demo\target\classes\com\hanz\stuspringbootdemo\dao\UserMapper.class]: Unsatisfied dependency expressed through bean property 'sqlSessionFactory'; nested exception is org.springframework.beans.factory.BeanCreationException: Error creating bean with name 'sqlSessionFactory' defined in class path resource [org/mybatis/spring/boot/autoconfigure/MybatisAutoConfiguration.class]: Bean instantiation via factory method failed; nested exception is org.springframework.beans.BeanInstantiationException: Failed to instantiate [org.apache.ibatis.session.SqlSessionFactory]: Factory method 'sqlSessionFactory' threw exception; nested exception is org.springframework.core.NestedIOException: Failed to parse mapping resource: 'file [E:\Project\ideaworkspace\stu-springboot-demo\target\classes\mybatis\shiro\PermissionMapper.xml]'; nested exception is org.apache.ibatis.builder.BuilderException: Error parsing Mapper XML. The XML location is 'file [E:\Project\ideaworkspace\stu-springboot-demo\target\classes\mybatis\shiro\PermissionMapper.xml]'. Cause: org.apache.ibatis.builder.BuilderException: Error resolving class. Cause: org.apache.ibatis.type.TypeException: Could not resolve type alias 'com.hanz.studemo.domain.Permission'.  Cause: java.lang.ClassNotFoundException: Cannot find class: com.hanz.studemo.domain.Permission
	at org.springframework.beans.factory.annotation.AutowiredAnnotationBeanPostProcessor$AutowiredFieldElement.inject(AutowiredAnnotationBeanPostProcessor.java:596)
	at org.springframework.beans.factory.annotation.InjectionMetadata.inject(InjectionMetadata.java:90)
	at org.springframework.beans.factory.annotation.AutowiredAnnotationBeanPostProcessor.postProcessProperties(AutowiredAnnotationBeanPostProcessor.java:374)
	at org.springframework.beans.factory.support.AbstractAutowireCapableBeanFactory.populateBean(AbstractAutowireCapableBeanFactory.java:1411)
	at org.springframework.beans.factory.support.AbstractAutowireCapableBeanFactory.doCreateBean(AbstractAutowireCapableBeanFactory.java:592)
	at org.springframework.beans.factory.support.AbstractAutowireCapableBeanFactory.createBean(AbstractAutowireCapableBeanFactory.java:515)
	at org.springframework.beans.factory.support.AbstractBeanFactory.lambda$doGetBean$0(AbstractBeanFactory.java:320)
	at org.springframework.beans.factory.support.AbstractBeanFactory$$Lambda$117/1817154869.getObject(Unknown Source)
	at org.springframework.beans.factory.support.DefaultSingletonBeanRegistry.getSingleton(DefaultSingletonBeanRegistry.java:222)
	at org.springframework.beans.factory.support.AbstractBeanFactory.doGetBean(AbstractBeanFactory.java:318)
	at org.springframework.beans.factory.support.AbstractBeanFactory.getBean(AbstractBeanFactory.java:199)
	at org.springframework.beans.factory.config.DependencyDescriptor.resolveCandidate(DependencyDescriptor.java:277)
	at org.springframework.beans.factory.support.DefaultListableBeanFactory.doResolveDependency(DefaultListableBeanFactory.java:1248)
	at org.springframework.beans.factory.support.DefaultListableBeanFactory.resolveDependency(DefaultListableBeanFactory.java:1168)
	at org.springframework.beans.factory.annotation.AutowiredAnnotationBeanPostProcessor$AutowiredFieldElement.inject(AutowiredAnnotationBeanPostProcessor.java:593)
	... 43 common frames omitted
Caused by: org.springframework.beans.factory.UnsatisfiedDependencyException: Error creating bean with name 'userMapper' defined in file [E:\Project\ideaworkspace\stu-springboot-demo\target\classes\com\hanz\stuspringbootdemo\dao\UserMapper.class]: Unsatisfied dependency expressed through bean property 'sqlSessionFactory'; nested exception is org.springframework.beans.factory.BeanCreationException: Error creating bean with name 'sqlSessionFactory' defined in class path resource [org/mybatis/spring/boot/autoconfigure/MybatisAutoConfiguration.class]: Bean instantiation via factory method failed; nested exception is org.springframework.beans.BeanInstantiationException: Failed to instantiate [org.apache.ibatis.session.SqlSessionFactory]: Factory method 'sqlSessionFactory' threw exception; nested exception is org.springframework.core.NestedIOException: Failed to parse mapping resource: 'file [E:\Project\ideaworkspace\stu-springboot-demo\target\classes\mybatis\shiro\PermissionMapper.xml]'; nested exception is org.apache.ibatis.builder.BuilderException: Error parsing Mapper XML. The XML location is 'file [E:\Project\ideaworkspace\stu-springboot-demo\target\classes\mybatis\shiro\PermissionMapper.xml]'. Cause: org.apache.ibatis.builder.BuilderException: Error resolving class. Cause: org.apache.ibatis.type.TypeException: Could not resolve type alias 'com.hanz.studemo.domain.Permission'.  Cause: java.lang.ClassNotFoundException: Cannot find class: com.hanz.studemo.domain.Permission
	at org.springframework.beans.factory.support.AbstractAutowireCapableBeanFactory.autowireByType(AbstractAutowireCapableBeanFactory.java:1515)
	at org.springframework.beans.factory.support.AbstractAutowireCapableBeanFactory.populateBean(AbstractAutowireCapableBeanFactory.java:1395)
	at org.springframework.beans.factory.support.AbstractAutowireCapableBeanFactory.doCreateBean(AbstractAutowireCapableBeanFactory.java:592)
	at org.springframework.beans.factory.support.AbstractAutowireCapableBeanFactory.createBean(AbstractAutowireCapableBeanFactory.java:515)
	at org.springframework.beans.factory.support.AbstractBeanFactory.lambda$doGetBean$0(AbstractBeanFactory.java:320)
	at org.springframework.beans.factory.support.AbstractBeanFactory$$Lambda$117/1817154869.getObject(Unknown Source)
	at org.springframework.beans.factory.support.DefaultSingletonBeanRegistry.getSingleton(DefaultSingletonBeanRegistry.java:222)
	at org.springframework.beans.factory.support.AbstractBeanFactory.doGetBean(AbstractBeanFactory.java:318)
	at org.springframework.beans.factory.support.AbstractBeanFactory.getBean(AbstractBeanFactory.java:199)
	at org.springframework.beans.factory.config.DependencyDescriptor.resolveCandidate(DependencyDescriptor.java:277)
	at org.springframework.beans.factory.support.DefaultListableBeanFactory.doResolveDependency(DefaultListableBeanFactory.java:1248)
	at org.springframework.beans.factory.support.DefaultListableBeanFactory.resolveDependency(DefaultListableBeanFactory.java:1168)
	at org.springframework.beans.factory.annotation.AutowiredAnnotationBeanPostProcessor$AutowiredFieldElement.inject(AutowiredAnnotationBeanPostProcessor.java:593)
	... 57 common frames omitted
Caused by: org.springframework.beans.factory.BeanCreationException: Error creating bean with name 'sqlSessionFactory' defined in class path resource [org/mybatis/spring/boot/autoconfigure/MybatisAutoConfiguration.class]: Bean instantiation via factory method failed; nested exception is org.springframework.beans.BeanInstantiationException: Failed to instantiate [org.apache.ibatis.session.SqlSessionFactory]: Factory method 'sqlSessionFactory' threw exception; nested exception is org.springframework.core.NestedIOException: Failed to parse mapping resource: 'file [E:\Project\ideaworkspace\stu-springboot-demo\target\classes\mybatis\shiro\PermissionMapper.xml]'; nested exception is org.apache.ibatis.builder.BuilderException: Error parsing Mapper XML. The XML location is 'file [E:\Project\ideaworkspace\stu-springboot-demo\target\classes\mybatis\shiro\PermissionMapper.xml]'. Cause: org.apache.ibatis.builder.BuilderException: Error resolving class. Cause: org.apache.ibatis.type.TypeException: Could not resolve type alias 'com.hanz.studemo.domain.Permission'.  Cause: java.lang.ClassNotFoundException: Cannot find class: com.hanz.studemo.domain.Permission
	at org.springframework.beans.factory.support.ConstructorResolver.instantiate(ConstructorResolver.java:627)
	at org.springframework.beans.factory.support.ConstructorResolver.instantiateUsingFactoryMethod(ConstructorResolver.java:607)
	at org.springframework.beans.factory.support.AbstractAutowireCapableBeanFactory.instantiateUsingFactoryMethod(AbstractAutowireCapableBeanFactory.java:1321)
	at org.springframework.beans.factory.support.AbstractAutowireCapableBeanFactory.createBeanInstance(AbstractAutowireCapableBeanFactory.java:1160)
	at org.springframework.beans.factory.support.AbstractAutowireCapableBeanFactory.doCreateBean(AbstractAutowireCapableBeanFactory.java:555)
	at org.springframework.beans.factory.support.AbstractAutowireCapableBeanFactory.createBean(AbstractAutowireCapableBeanFactory.java:515)
	at org.springframework.beans.factory.support.AbstractBeanFactory.lambda$doGetBean$0(AbstractBeanFactory.java:320)
	at org.springframework.beans.factory.support.AbstractBeanFactory$$Lambda$117/1817154869.getObject(Unknown Source)
	at org.springframework.beans.factory.support.DefaultSingletonBeanRegistry.getSingleton(DefaultSingletonBeanRegistry.java:222)
	at org.springframework.beans.factory.support.AbstractBeanFactory.doGetBean(AbstractBeanFactory.java:318)
	at org.springframework.beans.factory.support.AbstractBeanFactory.getBean(AbstractBeanFactory.java:199)
	at org.springframework.beans.factory.config.DependencyDescriptor.resolveCandidate(DependencyDescriptor.java:277)
	at org.springframework.beans.factory.support.DefaultListableBeanFactory.doResolveDependency(DefaultListableBeanFactory.java:1248)
	at org.springframework.beans.factory.support.DefaultListableBeanFactory.resolveDependency(DefaultListableBeanFactory.java:1168)
	at org.springframework.beans.factory.support.AbstractAutowireCapableBeanFactory.autowireByType(AbstractAutowireCapableBeanFactory.java:1500)
	... 69 common frames omitted
Caused by: org.springframework.beans.BeanInstantiationException: Failed to instantiate [org.apache.ibatis.session.SqlSessionFactory]: Factory method 'sqlSessionFactory' threw exception; nested exception is org.springframework.core.NestedIOException: Failed to parse mapping resource: 'file [E:\Project\ideaworkspace\stu-springboot-demo\target\classes\mybatis\shiro\PermissionMapper.xml]'; nested exception is org.apache.ibatis.builder.BuilderException: Error parsing Mapper XML. The XML location is 'file [E:\Project\ideaworkspace\stu-springboot-demo\target\classes\mybatis\shiro\PermissionMapper.xml]'. Cause: org.apache.ibatis.builder.BuilderException: Error resolving class. Cause: org.apache.ibatis.type.TypeException: Could not resolve type alias 'com.hanz.studemo.domain.Permission'.  Cause: java.lang.ClassNotFoundException: Cannot find class: com.hanz.studemo.domain.Permission
	at org.springframework.beans.factory.support.SimpleInstantiationStrategy.instantiate(SimpleInstantiationStrategy.java:185)
	at org.springframework.beans.factory.support.ConstructorResolver.instantiate(ConstructorResolver.java:622)
	... 83 common frames omitted
Caused by: org.springframework.core.NestedIOException: Failed to parse mapping resource: 'file [E:\Project\ideaworkspace\stu-springboot-demo\target\classes\mybatis\shiro\PermissionMapper.xml]'; nested exception is org.apache.ibatis.builder.BuilderException: Error parsing Mapper XML. The XML location is 'file [E:\Project\ideaworkspace\stu-springboot-demo\target\classes\mybatis\shiro\PermissionMapper.xml]'. Cause: org.apache.ibatis.builder.BuilderException: Error resolving class. Cause: org.apache.ibatis.type.TypeException: Could not resolve type alias 'com.hanz.studemo.domain.Permission'.  Cause: java.lang.ClassNotFoundException: Cannot find class: com.hanz.studemo.domain.Permission
	at org.mybatis.spring.SqlSessionFactoryBean.buildSqlSessionFactory(SqlSessionFactoryBean.java:523)
	at org.mybatis.spring.SqlSessionFactoryBean.afterPropertiesSet(SqlSessionFactoryBean.java:380)
	at org.mybatis.spring.SqlSessionFactoryBean.getObject(SqlSessionFactoryBean.java:547)
	at org.mybatis.spring.boot.autoconfigure.MybatisAutoConfiguration.sqlSessionFactory(MybatisAutoConfiguration.java:153)
	at org.mybatis.spring.boot.autoconfigure.MybatisAutoConfiguration$$EnhancerBySpringCGLIB$$cf83537c.CGLIB$sqlSessionFactory$0(<generated>)
	at org.mybatis.spring.boot.autoconfigure.MybatisAutoConfiguration$$EnhancerBySpringCGLIB$$cf83537c$$FastClassBySpringCGLIB$$71321bf6.invoke(<generated>)
	at org.springframework.cglib.proxy.MethodProxy.invokeSuper(MethodProxy.java:244)
	at org.springframework.context.annotation.ConfigurationClassEnhancer$BeanMethodInterceptor.intercept(ConfigurationClassEnhancer.java:363)
	at org.mybatis.spring.boot.autoconfigure.MybatisAutoConfiguration$$EnhancerBySpringCGLIB$$cf83537c.sqlSessionFactory(<generated>)
	at sun.reflect.NativeMethodAccessorImpl.invoke0(Native Method)
	at sun.reflect.NativeMethodAccessorImpl.invoke(NativeMethodAccessorImpl.java:62)
	at sun.reflect.DelegatingMethodAccessorImpl.invoke(DelegatingMethodAccessorImpl.java:43)
	at java.lang.reflect.Method.invoke(Method.java:483)
	at org.springframework.beans.factory.support.SimpleInstantiationStrategy.instantiate(SimpleInstantiationStrategy.java:154)
	... 84 common frames omitted
Caused by: org.apache.ibatis.builder.BuilderException: Error parsing Mapper XML. The XML location is 'file [E:\Project\ideaworkspace\stu-springboot-demo\target\classes\mybatis\shiro\PermissionMapper.xml]'. Cause: org.apache.ibatis.builder.BuilderException: Error resolving class. Cause: org.apache.ibatis.type.TypeException: Could not resolve type alias 'com.hanz.studemo.domain.Permission'.  Cause: java.lang.ClassNotFoundException: Cannot find class: com.hanz.studemo.domain.Permission
	at org.apache.ibatis.builder.xml.XMLMapperBuilder.configurationElement(XMLMapperBuilder.java:120)
	at org.apache.ibatis.builder.xml.XMLMapperBuilder.parse(XMLMapperBuilder.java:92)
	at org.mybatis.spring.SqlSessionFactoryBean.buildSqlSessionFactory(SqlSessionFactoryBean.java:521)
	... 97 common frames omitted
Caused by: org.apache.ibatis.builder.BuilderException: Error resolving class. Cause: org.apache.ibatis.type.TypeException: Could not resolve type alias 'com.hanz.studemo.domain.Permission'.  Cause: java.lang.ClassNotFoundException: Cannot find class: com.hanz.studemo.domain.Permission
	at org.apache.ibatis.builder.BaseBuilder.resolveClass(BaseBuilder.java:118)
	at org.apache.ibatis.builder.xml.XMLMapperBuilder.resultMapElement(XMLMapperBuilder.java:265)
	at org.apache.ibatis.builder.xml.XMLMapperBuilder.resultMapElement(XMLMapperBuilder.java:252)
	at org.apache.ibatis.builder.xml.XMLMapperBuilder.resultMapElements(XMLMapperBuilder.java:244)
	at org.apache.ibatis.builder.xml.XMLMapperBuilder.configurationElement(XMLMapperBuilder.java:116)
	... 99 common frames omitted
Caused by: org.apache.ibatis.type.TypeException: Could not resolve type alias 'com.hanz.studemo.domain.Permission'.  Cause: java.lang.ClassNotFoundException: Cannot find class: com.hanz.studemo.domain.Permission
	at org.apache.ibatis.type.TypeAliasRegistry.resolveAlias(TypeAliasRegistry.java:120)
	at org.apache.ibatis.builder.BaseBuilder.resolveAlias(BaseBuilder.java:149)
	at org.apache.ibatis.builder.BaseBuilder.resolveClass(BaseBuilder.java:116)
	... 103 common frames omitted
Caused by: java.lang.ClassNotFoundException: Cannot find class: com.hanz.studemo.domain.Permission
	at org.apache.ibatis.io.ClassLoaderWrapper.classForName(ClassLoaderWrapper.java:200)
	at org.apache.ibatis.io.ClassLoaderWrapper.classForName(ClassLoaderWrapper.java:89)
	at org.apache.ibatis.io.Resources.classForName(Resources.java:261)
	at org.apache.ibatis.type.TypeAliasRegistry.resolveAlias(TypeAliasRegistry.java:116)
	... 105 common frames omitted
2019/09/04-09:27 [main] INFO  com.hanz.stuspringbootdemo.UserServiceTests- Starting UserServiceTests on SKY-20180630DXE with PID 5724 (started by Administrator in E:\Project\ideaworkspace\stu-springboot-demo)
2019/09/04-09:27 [main] INFO  com.hanz.stuspringbootdemo.UserServiceTests- No active profile set, falling back to default profiles: default
2019/09/04-09:27 [main] INFO  org.springframework.context.support.PostProcessorRegistrationDelegate$BeanPostProcessorChecker- Bean 'org.springframework.transaction.annotation.ProxyTransactionManagementConfiguration' of type [org.springframework.transaction.annotation.ProxyTransactionManagementConfiguration$$EnhancerBySpringCGLIB$$6e9c4002] is not eligible for getting processed by all BeanPostProcessors (for example: not eligible for auto-proxying)
2019/09/04-09:27 [main] INFO  com.hanz.stuspringbootdemo.config.jedis.JedisConfig- JedisPool注入成功！
2019/09/04-09:27 [main] INFO  com.hanz.stuspringbootdemo.config.jedis.JedisConfig- redis地址：127.0.0.1:6379
2019/09/04-09:27 [main] INFO  org.springframework.scheduling.concurrent.ThreadPoolTaskExecutor- Initializing ExecutorService 'applicationTaskExecutor'
2019/09/04-09:27 [main] INFO  org.springframework.boot.actuate.endpoint.web.EndpointLinksResolver- Exposing 2 endpoint(s) beneath base path '/actuator'
2019/09/04-09:27 [main] INFO  com.hanz.stuspringbootdemo.UserServiceTests- Started UserServiceTests in 10.133 seconds (JVM running for 12.527)
2019/09/04-09:27 [main] INFO  com.zaxxer.hikari.HikariDataSource- DatebookHikariCP - Starting...
2019/09/04-09:27 [main] INFO  com.zaxxer.hikari.HikariDataSource- DatebookHikariCP - Start completed.
2019/09/04-09:27 [Thread-2] INFO  org.springframework.scheduling.concurrent.ThreadPoolTaskExecutor- Shutting down ExecutorService 'applicationTaskExecutor'
2019/09/04-09:27 [Thread-2] INFO  com.zaxxer.hikari.HikariDataSource- DatebookHikariCP - Shutdown initiated...
2019/09/04-09:27 [Thread-2] INFO  com.zaxxer.hikari.HikariDataSource- DatebookHikariCP - Shutdown completed.
2019/09/04-09:29 [main] INFO  com.hanz.stuspringbootdemo.UserServiceTests- Starting UserServiceTests on SKY-20180630DXE with PID 11616 (started by Administrator in E:\Project\ideaworkspace\stu-springboot-demo)
2019/09/04-09:29 [main] INFO  com.hanz.stuspringbootdemo.UserServiceTests- No active profile set, falling back to default profiles: default
2019/09/04-09:29 [main] INFO  org.springframework.context.support.PostProcessorRegistrationDelegate$BeanPostProcessorChecker- Bean 'org.springframework.transaction.annotation.ProxyTransactionManagementConfiguration' of type [org.springframework.transaction.annotation.ProxyTransactionManagementConfiguration$$EnhancerBySpringCGLIB$$b78f5604] is not eligible for getting processed by all BeanPostProcessors (for example: not eligible for auto-proxying)
2019/09/04-09:29 [main] INFO  com.hanz.stuspringbootdemo.config.jedis.JedisConfig- JedisPool注入成功！
2019/09/04-09:29 [main] INFO  com.hanz.stuspringbootdemo.config.jedis.JedisConfig- redis地址：127.0.0.1:6379
2019/09/04-09:29 [main] INFO  org.springframework.scheduling.concurrent.ThreadPoolTaskExecutor- Initializing ExecutorService 'applicationTaskExecutor'
2019/09/04-09:29 [main] INFO  org.springframework.boot.actuate.endpoint.web.EndpointLinksResolver- Exposing 2 endpoint(s) beneath base path '/actuator'
2019/09/04-09:29 [main] INFO  com.hanz.stuspringbootdemo.UserServiceTests- Started UserServiceTests in 10.874 seconds (JVM running for 13.089)
2019/09/04-09:29 [main] INFO  com.zaxxer.hikari.HikariDataSource- DatebookHikariCP - Starting...
2019/09/04-09:29 [main] INFO  com.zaxxer.hikari.HikariDataSource- DatebookHikariCP - Start completed.
2019/09/04-09:29 [Thread-2] INFO  org.springframework.scheduling.concurrent.ThreadPoolTaskExecutor- Shutting down ExecutorService 'applicationTaskExecutor'
2019/09/04-09:29 [Thread-2] INFO  com.zaxxer.hikari.HikariDataSource- DatebookHikariCP - Shutdown initiated...
2019/09/04-09:29 [Thread-2] INFO  com.zaxxer.hikari.HikariDataSource- DatebookHikariCP - Shutdown completed.
2019/09/04-09:29 [main] INFO  com.hanz.stuspringbootdemo.UserServiceTests- Starting UserServiceTests on SKY-20180630DXE with PID 8872 (started by Administrator in E:\Project\ideaworkspace\stu-springboot-demo)
2019/09/04-09:29 [main] INFO  com.hanz.stuspringbootdemo.UserServiceTests- No active profile set, falling back to default profiles: default
2019/09/04-09:29 [main] INFO  org.springframework.context.support.PostProcessorRegistrationDelegate$BeanPostProcessorChecker- Bean 'org.springframework.transaction.annotation.ProxyTransactionManagementConfiguration' of type [org.springframework.transaction.annotation.ProxyTransactionManagementConfiguration$$EnhancerBySpringCGLIB$$3b62cbcb] is not eligible for getting processed by all BeanPostProcessors (for example: not eligible for auto-proxying)
2019/09/04-09:29 [main] INFO  com.hanz.stuspringbootdemo.config.jedis.JedisConfig- JedisPool注入成功！
2019/09/04-09:29 [main] INFO  com.hanz.stuspringbootdemo.config.jedis.JedisConfig- redis地址：127.0.0.1:6379
2019/09/04-09:29 [main] INFO  org.springframework.scheduling.concurrent.ThreadPoolTaskExecutor- Initializing ExecutorService 'applicationTaskExecutor'
2019/09/04-09:29 [main] INFO  org.springframework.boot.actuate.endpoint.web.EndpointLinksResolver- Exposing 2 endpoint(s) beneath base path '/actuator'
2019/09/04-09:29 [main] INFO  com.hanz.stuspringbootdemo.UserServiceTests- Started UserServiceTests in 8.813 seconds (JVM running for 10.626)
2019/09/04-09:29 [main] INFO  com.zaxxer.hikari.HikariDataSource- DatebookHikariCP - Starting...
2019/09/04-09:29 [main] INFO  com.zaxxer.hikari.HikariDataSource- DatebookHikariCP - Start completed.
2019/09/04-09:29 [Thread-2] INFO  org.springframework.scheduling.concurrent.ThreadPoolTaskExecutor- Shutting down ExecutorService 'applicationTaskExecutor'
2019/09/04-09:29 [Thread-2] INFO  com.zaxxer.hikari.HikariDataSource- DatebookHikariCP - Shutdown initiated...
2019/09/04-09:29 [Thread-2] INFO  com.zaxxer.hikari.HikariDataSource- DatebookHikariCP - Shutdown completed.
2019/09/04-09:33 [main] INFO  com.hanz.stuspringbootdemo.UserServiceTests- Starting UserServiceTests on SKY-20180630DXE with PID 2572 (started by Administrator in E:\Project\ideaworkspace\stu-springboot-demo)
2019/09/04-09:33 [main] INFO  com.hanz.stuspringbootdemo.UserServiceTests- No active profile set, falling back to default profiles: default
2019/09/04-09:33 [main] INFO  org.springframework.context.support.PostProcessorRegistrationDelegate$BeanPostProcessorChecker- Bean 'org.springframework.transaction.annotation.ProxyTransactionManagementConfiguration' of type [org.springframework.transaction.annotation.ProxyTransactionManagementConfiguration$$EnhancerBySpringCGLIB$$3b62cbcb] is not eligible for getting processed by all BeanPostProcessors (for example: not eligible for auto-proxying)
2019/09/04-09:33 [main] INFO  com.hanz.stuspringbootdemo.config.jedis.JedisConfig- JedisPool注入成功！
2019/09/04-09:33 [main] INFO  com.hanz.stuspringbootdemo.config.jedis.JedisConfig- redis地址：127.0.0.1:6379
2019/09/04-09:33 [main] INFO  org.springframework.scheduling.concurrent.ThreadPoolTaskExecutor- Initializing ExecutorService 'applicationTaskExecutor'
2019/09/04-09:33 [main] INFO  org.springframework.boot.actuate.endpoint.web.EndpointLinksResolver- Exposing 2 endpoint(s) beneath base path '/actuator'
2019/09/04-09:33 [main] INFO  com.hanz.stuspringbootdemo.UserServiceTests- Started UserServiceTests in 7.834 seconds (JVM running for 9.536)
2019/09/04-09:33 [main] INFO  com.zaxxer.hikari.HikariDataSource- DatebookHikariCP - Starting...
2019/09/04-09:33 [main] INFO  com.zaxxer.hikari.HikariDataSource- DatebookHikariCP - Start completed.
2019/09/04-09:33 [Thread-2] INFO  org.springframework.scheduling.concurrent.ThreadPoolTaskExecutor- Shutting down ExecutorService 'applicationTaskExecutor'
2019/09/04-09:33 [Thread-2] INFO  com.zaxxer.hikari.HikariDataSource- DatebookHikariCP - Shutdown initiated...
2019/09/04-09:33 [Thread-2] INFO  com.zaxxer.hikari.HikariDataSource- DatebookHikariCP - Shutdown completed.
2019/09/04-11:26 [main] INFO  com.hanz.stuspringbootdemo.UserServiceTests- Starting UserServiceTests on SKY-20180630DXE with PID 9104 (started by Administrator in E:\Project\ideaworkspace\stu-springboot-demo)
2019/09/04-11:26 [main] INFO  com.hanz.stuspringbootdemo.UserServiceTests- No active profile set, falling back to default profiles: default
2019/09/04-11:26 [main] INFO  org.springframework.context.support.PostProcessorRegistrationDelegate$BeanPostProcessorChecker- Bean 'org.springframework.transaction.annotation.ProxyTransactionManagementConfiguration' of type [org.springframework.transaction.annotation.ProxyTransactionManagementConfiguration$$EnhancerBySpringCGLIB$$9e8f08c2] is not eligible for getting processed by all BeanPostProcessors (for example: not eligible for auto-proxying)
2019/09/04-11:26 [main] INFO  com.hanz.stuspringbootdemo.config.jedis.JedisConfig- JedisPool注入成功！
2019/09/04-11:26 [main] INFO  com.hanz.stuspringbootdemo.config.jedis.JedisConfig- redis地址：127.0.0.1:6379
2019/09/04-11:26 [main] INFO  org.springframework.scheduling.concurrent.ThreadPoolTaskExecutor- Initializing ExecutorService 'applicationTaskExecutor'
2019/09/04-11:26 [main] INFO  org.springframework.boot.actuate.endpoint.web.EndpointLinksResolver- Exposing 2 endpoint(s) beneath base path '/actuator'
2019/09/04-11:26 [main] INFO  com.hanz.stuspringbootdemo.UserServiceTests- Started UserServiceTests in 8.439 seconds (JVM running for 9.997)
2019/09/04-11:26 [main] INFO  com.zaxxer.hikari.HikariDataSource- DatebookHikariCP - Starting...
2019/09/04-11:26 [main] INFO  com.zaxxer.hikari.HikariDataSource- DatebookHikariCP - Start completed.
2019/09/04-11:26 [Thread-2] INFO  org.springframework.scheduling.concurrent.ThreadPoolTaskExecutor- Shutting down ExecutorService 'applicationTaskExecutor'
2019/09/04-11:26 [Thread-2] INFO  com.zaxxer.hikari.HikariDataSource- DatebookHikariCP - Shutdown initiated...
2019/09/04-11:26 [Thread-2] INFO  com.zaxxer.hikari.HikariDataSource- DatebookHikariCP - Shutdown completed.
2019/09/04-11:27 [main] INFO  com.hanz.stuspringbootdemo.UserServiceTests- Starting UserServiceTests on SKY-20180630DXE with PID 8708 (started by Administrator in E:\Project\ideaworkspace\stu-springboot-demo)
2019/09/04-11:27 [main] INFO  com.hanz.stuspringbootdemo.UserServiceTests- No active profile set, falling back to default profiles: default
2019/09/04-11:27 [main] INFO  org.springframework.context.support.PostProcessorRegistrationDelegate$BeanPostProcessorChecker- Bean 'org.springframework.transaction.annotation.ProxyTransactionManagementConfiguration' of type [org.springframework.transaction.annotation.ProxyTransactionManagementConfiguration$$EnhancerBySpringCGLIB$$2e0e67bf] is not eligible for getting processed by all BeanPostProcessors (for example: not eligible for auto-proxying)
2019/09/04-11:27 [main] INFO  com.hanz.stuspringbootdemo.config.jedis.JedisConfig- JedisPool注入成功！
2019/09/04-11:27 [main] INFO  com.hanz.stuspringbootdemo.config.jedis.JedisConfig- redis地址：127.0.0.1:6379
2019/09/04-11:27 [main] INFO  org.springframework.scheduling.concurrent.ThreadPoolTaskExecutor- Initializing ExecutorService 'applicationTaskExecutor'
2019/09/04-11:27 [main] INFO  org.springframework.boot.actuate.endpoint.web.EndpointLinksResolver- Exposing 2 endpoint(s) beneath base path '/actuator'
2019/09/04-11:27 [main] INFO  com.hanz.stuspringbootdemo.UserServiceTests- Started UserServiceTests in 10.225 seconds (JVM running for 12.57)
2019/09/04-11:27 [main] INFO  com.zaxxer.hikari.HikariDataSource- DatebookHikariCP - Starting...
2019/09/04-11:27 [main] INFO  com.zaxxer.hikari.HikariDataSource- DatebookHikariCP - Start completed.
2019/09/04-11:27 [Thread-2] INFO  org.springframework.scheduling.concurrent.ThreadPoolTaskExecutor- Shutting down ExecutorService 'applicationTaskExecutor'
2019/09/04-11:27 [Thread-2] INFO  com.zaxxer.hikari.HikariDataSource- DatebookHikariCP - Shutdown initiated...
2019/09/04-11:27 [Thread-2] INFO  com.zaxxer.hikari.HikariDataSource- DatebookHikariCP - Shutdown completed.
2019/09/04-11:30 [main] INFO  com.hanz.stuspringbootdemo.UserServiceTests- Starting UserServiceTests on SKY-20180630DXE with PID 5712 (started by Administrator in E:\Project\ideaworkspace\stu-springboot-demo)
2019/09/04-11:30 [main] INFO  com.hanz.stuspringbootdemo.UserServiceTests- No active profile set, falling back to default profiles: default
2019/09/04-11:30 [main] INFO  org.springframework.context.support.PostProcessorRegistrationDelegate$BeanPostProcessorChecker- Bean 'org.springframework.transaction.annotation.ProxyTransactionManagementConfiguration' of type [org.springframework.transaction.annotation.ProxyTransactionManagementConfiguration$$EnhancerBySpringCGLIB$$ee1d64aa] is not eligible for getting processed by all BeanPostProcessors (for example: not eligible for auto-proxying)
2019/09/04-11:30 [main] INFO  com.hanz.stuspringbootdemo.config.jedis.JedisConfig- JedisPool注入成功！
2019/09/04-11:30 [main] INFO  com.hanz.stuspringbootdemo.config.jedis.JedisConfig- redis地址：127.0.0.1:6379
2019/09/04-11:30 [main] INFO  org.springframework.scheduling.concurrent.ThreadPoolTaskExecutor- Initializing ExecutorService 'applicationTaskExecutor'
2019/09/04-11:30 [main] INFO  org.springframework.boot.actuate.endpoint.web.EndpointLinksResolver- Exposing 2 endpoint(s) beneath base path '/actuator'
2019/09/04-11:30 [main] INFO  com.hanz.stuspringbootdemo.UserServiceTests- Started UserServiceTests in 8.024 seconds (JVM running for 9.942)
2019/09/04-11:30 [main] INFO  com.zaxxer.hikari.HikariDataSource- DatebookHikariCP - Starting...
2019/09/04-11:30 [main] INFO  com.zaxxer.hikari.HikariDataSource- DatebookHikariCP - Start completed.
2019/09/04-11:30 [Thread-2] INFO  org.springframework.scheduling.concurrent.ThreadPoolTaskExecutor- Shutting down ExecutorService 'applicationTaskExecutor'
2019/09/04-11:30 [Thread-2] INFO  com.zaxxer.hikari.HikariDataSource- DatebookHikariCP - Shutdown initiated...
2019/09/04-11:30 [Thread-2] INFO  com.zaxxer.hikari.HikariDataSource- DatebookHikariCP - Shutdown completed.
2019/09/04-13:59 [main] INFO  com.hanz.stuspringbootdemo.UserServiceTests- Starting UserServiceTests on SKY-20180630DXE with PID 8132 (started by Administrator in E:\Project\ideaworkspace\stu-springboot-demo)
2019/09/04-13:59 [main] INFO  com.hanz.stuspringbootdemo.UserServiceTests- No active profile set, falling back to default profiles: default
2019/09/04-13:59 [main] INFO  org.springframework.context.support.PostProcessorRegistrationDelegate$BeanPostProcessorChecker- Bean 'org.springframework.transaction.annotation.ProxyTransactionManagementConfiguration' of type [org.springframework.transaction.annotation.ProxyTransactionManagementConfiguration$$EnhancerBySpringCGLIB$$eb4cf2eb] is not eligible for getting processed by all BeanPostProcessors (for example: not eligible for auto-proxying)
2019/09/04-13:59 [main] INFO  com.hanz.stuspringbootdemo.config.jedis.JedisConfig- JedisPool注入成功！
2019/09/04-13:59 [main] INFO  com.hanz.stuspringbootdemo.config.jedis.JedisConfig- redis地址：127.0.0.1:6379
2019/09/04-13:59 [main] INFO  org.springframework.scheduling.concurrent.ThreadPoolTaskExecutor- Initializing ExecutorService 'applicationTaskExecutor'
2019/09/04-13:59 [main] INFO  org.springframework.boot.actuate.endpoint.web.EndpointLinksResolver- Exposing 2 endpoint(s) beneath base path '/actuator'
2019/09/04-13:59 [main] INFO  com.hanz.stuspringbootdemo.UserServiceTests- Started UserServiceTests in 9.284 seconds (JVM running for 11.471)
2019/09/04-13:59 [Thread-2] INFO  org.springframework.scheduling.concurrent.ThreadPoolTaskExecutor- Shutting down ExecutorService 'applicationTaskExecutor'
2019/09/04-14:00 [main] INFO  com.hanz.stuspringbootdemo.UserServiceTests- Starting UserServiceTests on SKY-20180630DXE with PID 9416 (started by Administrator in E:\Project\ideaworkspace\stu-springboot-demo)
2019/09/04-14:00 [main] INFO  com.hanz.stuspringbootdemo.UserServiceTests- No active profile set, falling back to default profiles: default
2019/09/04-14:00 [main] INFO  org.springframework.context.support.PostProcessorRegistrationDelegate$BeanPostProcessorChecker- Bean 'org.springframework.transaction.annotation.ProxyTransactionManagementConfiguration' of type [org.springframework.transaction.annotation.ProxyTransactionManagementConfiguration$$EnhancerBySpringCGLIB$$a6d2ff1] is not eligible for getting processed by all BeanPostProcessors (for example: not eligible for auto-proxying)
2019/09/04-14:00 [main] INFO  com.hanz.stuspringbootdemo.config.jedis.JedisConfig- JedisPool注入成功！
2019/09/04-14:00 [main] INFO  com.hanz.stuspringbootdemo.config.jedis.JedisConfig- redis地址：127.0.0.1:6379
2019/09/04-14:00 [main] INFO  org.springframework.scheduling.concurrent.ThreadPoolTaskExecutor- Initializing ExecutorService 'applicationTaskExecutor'
2019/09/04-14:00 [main] INFO  org.springframework.boot.actuate.endpoint.web.EndpointLinksResolver- Exposing 2 endpoint(s) beneath base path '/actuator'
2019/09/04-14:00 [main] INFO  com.hanz.stuspringbootdemo.UserServiceTests- Started UserServiceTests in 11.628 seconds (JVM running for 14.095)
2019/09/04-14:00 [Thread-2] INFO  org.springframework.scheduling.concurrent.ThreadPoolTaskExecutor- Shutting down ExecutorService 'applicationTaskExecutor'
2019/09/04-14:00 [main] INFO  com.hanz.stuspringbootdemo.UserServiceTests- Starting UserServiceTests on SKY-20180630DXE with PID 13124 (started by Administrator in E:\Project\ideaworkspace\stu-springboot-demo)
2019/09/04-14:00 [main] INFO  com.hanz.stuspringbootdemo.UserServiceTests- No active profile set, falling back to default profiles: default
2019/09/04-14:00 [main] INFO  org.springframework.context.support.PostProcessorRegistrationDelegate$BeanPostProcessorChecker- Bean 'org.springframework.transaction.annotation.ProxyTransactionManagementConfiguration' of type [org.springframework.transaction.annotation.ProxyTransactionManagementConfiguration$$EnhancerBySpringCGLIB$$eb4cf2eb] is not eligible for getting processed by all BeanPostProcessors (for example: not eligible for auto-proxying)
2019/09/04-14:00 [main] INFO  com.hanz.stuspringbootdemo.config.jedis.JedisConfig- JedisPool注入成功！
2019/09/04-14:00 [main] INFO  com.hanz.stuspringbootdemo.config.jedis.JedisConfig- redis地址：127.0.0.1:6379
2019/09/04-14:00 [main] INFO  org.springframework.scheduling.concurrent.ThreadPoolTaskExecutor- Initializing ExecutorService 'applicationTaskExecutor'
2019/09/04-14:00 [main] INFO  org.springframework.boot.actuate.endpoint.web.EndpointLinksResolver- Exposing 2 endpoint(s) beneath base path '/actuator'
2019/09/04-14:00 [main] INFO  com.hanz.stuspringbootdemo.UserServiceTests- Started UserServiceTests in 9.354 seconds (JVM running for 11.017)
2019/09/04-14:00 [main] INFO  com.zaxxer.hikari.HikariDataSource- DatebookHikariCP - Starting...
2019/09/04-14:00 [main] INFO  com.zaxxer.hikari.HikariDataSource- DatebookHikariCP - Start completed.
2019/09/04-14:00 [Thread-2] INFO  org.springframework.scheduling.concurrent.ThreadPoolTaskExecutor- Shutting down ExecutorService 'applicationTaskExecutor'
2019/09/04-14:00 [Thread-2] INFO  com.zaxxer.hikari.HikariDataSource- DatebookHikariCP - Shutdown initiated...
2019/09/04-14:00 [Thread-2] INFO  com.zaxxer.hikari.HikariDataSource- DatebookHikariCP - Shutdown completed.
2019/09/04-14:01 [main] INFO  com.hanz.stuspringbootdemo.UserServiceTests- Starting UserServiceTests on SKY-20180630DXE with PID 4948 (started by Administrator in E:\Project\ideaworkspace\stu-springboot-demo)
2019/09/04-14:01 [main] INFO  com.hanz.stuspringbootdemo.UserServiceTests- No active profile set, falling back to default profiles: default
2019/09/04-14:01 [main] INFO  org.springframework.context.support.PostProcessorRegistrationDelegate$BeanPostProcessorChecker- Bean 'org.springframework.transaction.annotation.ProxyTransactionManagementConfiguration' of type [org.springframework.transaction.annotation.ProxyTransactionManagementConfiguration$$EnhancerBySpringCGLIB$$e513c324] is not eligible for getting processed by all BeanPostProcessors (for example: not eligible for auto-proxying)
2019/09/04-14:01 [main] INFO  com.hanz.stuspringbootdemo.config.jedis.JedisConfig- JedisPool注入成功！
2019/09/04-14:01 [main] INFO  com.hanz.stuspringbootdemo.config.jedis.JedisConfig- redis地址：127.0.0.1:6379
2019/09/04-14:01 [main] INFO  org.springframework.scheduling.concurrent.ThreadPoolTaskExecutor- Initializing ExecutorService 'applicationTaskExecutor'
2019/09/04-14:01 [main] INFO  org.springframework.boot.actuate.endpoint.web.EndpointLinksResolver- Exposing 2 endpoint(s) beneath base path '/actuator'
2019/09/04-14:01 [main] INFO  com.hanz.stuspringbootdemo.UserServiceTests- Started UserServiceTests in 8.141 seconds (JVM running for 9.873)
2019/09/04-14:01 [main] INFO  com.zaxxer.hikari.HikariDataSource- DatebookHikariCP - Starting...
2019/09/04-14:01 [main] INFO  com.zaxxer.hikari.HikariDataSource- DatebookHikariCP - Start completed.
2019/09/04-14:01 [Thread-2] INFO  org.springframework.scheduling.concurrent.ThreadPoolTaskExecutor- Shutting down ExecutorService 'applicationTaskExecutor'
2019/09/04-14:01 [Thread-2] INFO  com.zaxxer.hikari.HikariDataSource- DatebookHikariCP - Shutdown initiated...
2019/09/04-14:01 [Thread-2] INFO  com.zaxxer.hikari.HikariDataSource- DatebookHikariCP - Shutdown completed.
2019/09/04-14:02 [main] INFO  com.hanz.stuspringbootdemo.UserServiceTests- Starting UserServiceTests on SKY-20180630DXE with PID 828 (started by Administrator in E:\Project\ideaworkspace\stu-springboot-demo)
2019/09/04-14:02 [main] INFO  com.hanz.stuspringbootdemo.UserServiceTests- No active profile set, falling back to default profiles: default
2019/09/04-14:02 [main] INFO  org.springframework.context.support.PostProcessorRegistrationDelegate$BeanPostProcessorChecker- Bean 'org.springframework.transaction.annotation.ProxyTransactionManagementConfiguration' of type [org.springframework.transaction.annotation.ProxyTransactionManagementConfiguration$$EnhancerBySpringCGLIB$$26e9230d] is not eligible for getting processed by all BeanPostProcessors (for example: not eligible for auto-proxying)
2019/09/04-14:02 [main] INFO  com.hanz.stuspringbootdemo.config.jedis.JedisConfig- JedisPool注入成功！
2019/09/04-14:02 [main] INFO  com.hanz.stuspringbootdemo.config.jedis.JedisConfig- redis地址：127.0.0.1:6379
2019/09/04-14:02 [main] INFO  org.springframework.scheduling.concurrent.ThreadPoolTaskExecutor- Initializing ExecutorService 'applicationTaskExecutor'
2019/09/04-14:02 [main] INFO  org.springframework.boot.actuate.endpoint.web.EndpointLinksResolver- Exposing 2 endpoint(s) beneath base path '/actuator'
2019/09/04-14:02 [main] INFO  com.hanz.stuspringbootdemo.UserServiceTests- Started UserServiceTests in 8.413 seconds (JVM running for 10.147)
2019/09/04-14:02 [main] INFO  com.zaxxer.hikari.HikariDataSource- DatebookHikariCP - Starting...
2019/09/04-14:02 [main] INFO  com.zaxxer.hikari.HikariDataSource- DatebookHikariCP - Start completed.
2019/09/04-14:02 [Thread-2] INFO  org.springframework.scheduling.concurrent.ThreadPoolTaskExecutor- Shutting down ExecutorService 'applicationTaskExecutor'
2019/09/04-14:02 [Thread-2] INFO  com.zaxxer.hikari.HikariDataSource- DatebookHikariCP - Shutdown initiated...
2019/09/04-14:02 [Thread-2] INFO  com.zaxxer.hikari.HikariDataSource- DatebookHikariCP - Shutdown completed.
2019/09/04-14:03 [main] INFO  com.hanz.stuspringbootdemo.UserServiceTests- Starting UserServiceTests on SKY-20180630DXE with PID 12448 (started by Administrator in E:\Project\ideaworkspace\stu-springboot-demo)
2019/09/04-14:03 [main] INFO  com.hanz.stuspringbootdemo.UserServiceTests- No active profile set, falling back to default profiles: default
2019/09/04-14:03 [main] INFO  org.springframework.context.support.PostProcessorRegistrationDelegate$BeanPostProcessorChecker- Bean 'org.springframework.transaction.annotation.ProxyTransactionManagementConfiguration' of type [org.springframework.transaction.annotation.ProxyTransactionManagementConfiguration$$EnhancerBySpringCGLIB$$eb4cf2eb] is not eligible for getting processed by all BeanPostProcessors (for example: not eligible for auto-proxying)
2019/09/04-14:03 [main] INFO  com.hanz.stuspringbootdemo.config.jedis.JedisConfig- JedisPool注入成功！
2019/09/04-14:03 [main] INFO  com.hanz.stuspringbootdemo.config.jedis.JedisConfig- redis地址：127.0.0.1:6379
2019/09/04-14:03 [main] INFO  org.springframework.scheduling.concurrent.ThreadPoolTaskExecutor- Initializing ExecutorService 'applicationTaskExecutor'
2019/09/04-14:03 [main] INFO  org.springframework.boot.actuate.endpoint.web.EndpointLinksResolver- Exposing 2 endpoint(s) beneath base path '/actuator'
2019/09/04-14:03 [main] INFO  com.hanz.stuspringbootdemo.UserServiceTests- Started UserServiceTests in 9.895 seconds (JVM running for 11.661)
2019/09/04-14:03 [main] INFO  com.zaxxer.hikari.HikariDataSource- DatebookHikariCP - Starting...
2019/09/04-14:03 [main] INFO  com.zaxxer.hikari.HikariDataSource- DatebookHikariCP - Start completed.
2019/09/04-14:03 [Thread-2] INFO  org.springframework.scheduling.concurrent.ThreadPoolTaskExecutor- Shutting down ExecutorService 'applicationTaskExecutor'
2019/09/04-14:03 [Thread-2] INFO  com.zaxxer.hikari.HikariDataSource- DatebookHikariCP - Shutdown initiated...
2019/09/04-14:03 [Thread-2] INFO  com.zaxxer.hikari.HikariDataSource- DatebookHikariCP - Shutdown completed.
2019/09/04-14:08 [main] INFO  com.hanz.stuspringbootdemo.RoleServiceTests- Starting RoleServiceTests on SKY-20180630DXE with PID 6836 (started by Administrator in E:\Project\ideaworkspace\stu-springboot-demo)
2019/09/04-14:08 [main] INFO  com.hanz.stuspringbootdemo.RoleServiceTests- No active profile set, falling back to default profiles: default
2019/09/04-14:08 [main] INFO  org.springframework.context.support.PostProcessorRegistrationDelegate$BeanPostProcessorChecker- Bean 'org.springframework.transaction.annotation.ProxyTransactionManagementConfiguration' of type [org.springframework.transaction.annotation.ProxyTransactionManagementConfiguration$$EnhancerBySpringCGLIB$$5fb33a09] is not eligible for getting processed by all BeanPostProcessors (for example: not eligible for auto-proxying)
2019/09/04-14:08 [main] INFO  com.hanz.stuspringbootdemo.config.jedis.JedisConfig- JedisPool注入成功！
2019/09/04-14:08 [main] INFO  com.hanz.stuspringbootdemo.config.jedis.JedisConfig- redis地址：127.0.0.1:6379
2019/09/04-14:08 [main] INFO  org.springframework.scheduling.concurrent.ThreadPoolTaskExecutor- Initializing ExecutorService 'applicationTaskExecutor'
2019/09/04-14:08 [main] INFO  org.springframework.boot.actuate.endpoint.web.EndpointLinksResolver- Exposing 2 endpoint(s) beneath base path '/actuator'
2019/09/04-14:08 [main] INFO  com.hanz.stuspringbootdemo.RoleServiceTests- Started RoleServiceTests in 9.232 seconds (JVM running for 10.856)
2019/09/04-14:08 [main] INFO  com.zaxxer.hikari.HikariDataSource- DatebookHikariCP - Starting...
2019/09/04-14:08 [main] INFO  com.zaxxer.hikari.HikariDataSource- DatebookHikariCP - Start completed.
2019/09/04-14:08 [Thread-2] INFO  org.springframework.scheduling.concurrent.ThreadPoolTaskExecutor- Shutting down ExecutorService 'applicationTaskExecutor'
2019/09/04-14:08 [Thread-2] INFO  com.zaxxer.hikari.HikariDataSource- DatebookHikariCP - Shutdown initiated...
2019/09/04-14:08 [Thread-2] INFO  com.zaxxer.hikari.HikariDataSource- DatebookHikariCP - Shutdown completed.
2019/09/04-14:18 [main] INFO  com.hanz.stuspringbootdemo.PermissionServiceTests- Starting PermissionServiceTests on SKY-20180630DXE with PID 11360 (started by Administrator in E:\Project\ideaworkspace\stu-springboot-demo)
2019/09/04-14:18 [main] INFO  com.hanz.stuspringbootdemo.PermissionServiceTests- No active profile set, falling back to default profiles: default
2019/09/04-14:18 [main] INFO  org.springframework.context.support.PostProcessorRegistrationDelegate$BeanPostProcessorChecker- Bean 'org.springframework.transaction.annotation.ProxyTransactionManagementConfiguration' of type [org.springframework.transaction.annotation.ProxyTransactionManagementConfiguration$$EnhancerBySpringCGLIB$$55ffc8cc] is not eligible for getting processed by all BeanPostProcessors (for example: not eligible for auto-proxying)
2019/09/04-14:18 [main] INFO  com.hanz.stuspringbootdemo.config.jedis.JedisConfig- JedisPool注入成功！
2019/09/04-14:18 [main] INFO  com.hanz.stuspringbootdemo.config.jedis.JedisConfig- redis地址：127.0.0.1:6379
2019/09/04-14:18 [main] INFO  org.springframework.scheduling.concurrent.ThreadPoolTaskExecutor- Initializing ExecutorService 'applicationTaskExecutor'
2019/09/04-14:18 [main] INFO  org.springframework.boot.actuate.endpoint.web.EndpointLinksResolver- Exposing 2 endpoint(s) beneath base path '/actuator'
2019/09/04-14:18 [main] INFO  com.hanz.stuspringbootdemo.PermissionServiceTests- Started PermissionServiceTests in 7.889 seconds (JVM running for 9.622)
2019/09/04-14:18 [main] INFO  com.zaxxer.hikari.HikariDataSource- DatebookHikariCP - Starting...
2019/09/04-14:18 [main] INFO  com.zaxxer.hikari.HikariDataSource- DatebookHikariCP - Start completed.
2019/09/04-14:18 [Thread-2] INFO  org.springframework.scheduling.concurrent.ThreadPoolTaskExecutor- Shutting down ExecutorService 'applicationTaskExecutor'
2019/09/04-14:18 [Thread-2] INFO  com.zaxxer.hikari.HikariDataSource- DatebookHikariCP - Shutdown initiated...
2019/09/04-14:18 [Thread-2] INFO  com.zaxxer.hikari.HikariDataSource- DatebookHikariCP - Shutdown completed.
2019/09/04-14:23 [main] INFO  com.hanz.stuspringbootdemo.PermissionServiceTests- Starting PermissionServiceTests on SKY-20180630DXE with PID 8352 (started by Administrator in E:\Project\ideaworkspace\stu-springboot-demo)
2019/09/04-14:23 [main] INFO  com.hanz.stuspringbootdemo.PermissionServiceTests- No active profile set, falling back to default profiles: default
2019/09/04-14:24 [main] INFO  org.springframework.context.support.PostProcessorRegistrationDelegate$BeanPostProcessorChecker- Bean 'org.springframework.transaction.annotation.ProxyTransactionManagementConfiguration' of type [org.springframework.transaction.annotation.ProxyTransactionManagementConfiguration$$EnhancerBySpringCGLIB$$7543771a] is not eligible for getting processed by all BeanPostProcessors (for example: not eligible for auto-proxying)
2019/09/04-14:24 [main] INFO  com.hanz.stuspringbootdemo.config.jedis.JedisConfig- JedisPool注入成功！
2019/09/04-14:24 [main] INFO  com.hanz.stuspringbootdemo.config.jedis.JedisConfig- redis地址：127.0.0.1:6379
2019/09/04-14:24 [main] INFO  org.springframework.scheduling.concurrent.ThreadPoolTaskExecutor- Initializing ExecutorService 'applicationTaskExecutor'
2019/09/04-14:24 [main] INFO  org.springframework.boot.actuate.endpoint.web.EndpointLinksResolver- Exposing 2 endpoint(s) beneath base path '/actuator'
2019/09/04-14:24 [main] INFO  com.hanz.stuspringbootdemo.PermissionServiceTests- Started PermissionServiceTests in 8.578 seconds (JVM running for 10.201)
2019/09/04-14:24 [main] INFO  com.zaxxer.hikari.HikariDataSource- DatebookHikariCP - Starting...
2019/09/04-14:24 [main] INFO  com.zaxxer.hikari.HikariDataSource- DatebookHikariCP - Start completed.
2019/09/04-14:24 [Thread-2] INFO  org.springframework.scheduling.concurrent.ThreadPoolTaskExecutor- Shutting down ExecutorService 'applicationTaskExecutor'
2019/09/04-14:24 [Thread-2] INFO  com.zaxxer.hikari.HikariDataSource- DatebookHikariCP - Shutdown initiated...
2019/09/04-14:24 [Thread-2] INFO  com.zaxxer.hikari.HikariDataSource- DatebookHikariCP - Shutdown completed.
2019/09/04-14:36 [main] INFO  com.hanz.stuspringbootdemo.UserServiceTests- Starting UserServiceTests on SKY-20180630DXE with PID 196 (started by Administrator in E:\Project\ideaworkspace\stu-springboot-demo)
2019/09/04-14:36 [main] INFO  com.hanz.stuspringbootdemo.UserServiceTests- No active profile set, falling back to default profiles: default
2019/09/04-14:36 [main] INFO  org.springframework.context.support.PostProcessorRegistrationDelegate$BeanPostProcessorChecker- Bean 'org.springframework.transaction.annotation.ProxyTransactionManagementConfiguration' of type [org.springframework.transaction.annotation.ProxyTransactionManagementConfiguration$$EnhancerBySpringCGLIB$$55ffc8cc] is not eligible for getting processed by all BeanPostProcessors (for example: not eligible for auto-proxying)
2019/09/04-14:36 [main] INFO  com.hanz.stuspringbootdemo.config.jedis.JedisConfig- JedisPool注入成功！
2019/09/04-14:36 [main] INFO  com.hanz.stuspringbootdemo.config.jedis.JedisConfig- redis地址：127.0.0.1:6379
2019/09/04-14:36 [main] INFO  org.springframework.scheduling.concurrent.ThreadPoolTaskExecutor- Initializing ExecutorService 'applicationTaskExecutor'
2019/09/04-14:36 [main] INFO  org.springframework.boot.actuate.endpoint.web.EndpointLinksResolver- Exposing 2 endpoint(s) beneath base path '/actuator'
2019/09/04-14:36 [main] INFO  com.hanz.stuspringbootdemo.UserServiceTests- Started UserServiceTests in 8.765 seconds (JVM running for 10.39)
2019/09/04-14:36 [main] INFO  com.zaxxer.hikari.HikariDataSource- DatebookHikariCP - Starting...
2019/09/04-14:36 [main] INFO  com.zaxxer.hikari.HikariDataSource- DatebookHikariCP - Start completed.
2019/09/04-14:36 [Thread-2] INFO  org.springframework.scheduling.concurrent.ThreadPoolTaskExecutor- Shutting down ExecutorService 'applicationTaskExecutor'
2019/09/04-14:36 [Thread-2] INFO  com.zaxxer.hikari.HikariDataSource- DatebookHikariCP - Shutdown initiated...
2019/09/04-14:36 [Thread-2] INFO  com.zaxxer.hikari.HikariDataSource- DatebookHikariCP - Shutdown completed.
2019/09/04-14:38 [main] INFO  com.hanz.stuspringbootdemo.UserServiceTests- Starting UserServiceTests on SKY-20180630DXE with PID 6400 (started by Administrator in E:\Project\ideaworkspace\stu-springboot-demo)
2019/09/04-14:38 [main] INFO  com.hanz.stuspringbootdemo.UserServiceTests- No active profile set, falling back to default profiles: default
2019/09/04-14:38 [main] INFO  org.springframework.context.support.PostProcessorRegistrationDelegate$BeanPostProcessorChecker- Bean 'org.springframework.transaction.annotation.ProxyTransactionManagementConfiguration' of type [org.springframework.transaction.annotation.ProxyTransactionManagementConfiguration$$EnhancerBySpringCGLIB$$55ffc8cc] is not eligible for getting processed by all BeanPostProcessors (for example: not eligible for auto-proxying)
2019/09/04-14:38 [main] INFO  com.hanz.stuspringbootdemo.config.jedis.JedisConfig- JedisPool注入成功！
2019/09/04-14:38 [main] INFO  com.hanz.stuspringbootdemo.config.jedis.JedisConfig- redis地址：127.0.0.1:6379
2019/09/04-14:38 [main] INFO  org.springframework.scheduling.concurrent.ThreadPoolTaskExecutor- Initializing ExecutorService 'applicationTaskExecutor'
2019/09/04-14:38 [main] INFO  org.springframework.boot.actuate.endpoint.web.EndpointLinksResolver- Exposing 2 endpoint(s) beneath base path '/actuator'
2019/09/04-14:38 [main] INFO  com.hanz.stuspringbootdemo.UserServiceTests- Started UserServiceTests in 8.092 seconds (JVM running for 9.568)
2019/09/04-14:38 [main] INFO  com.zaxxer.hikari.HikariDataSource- DatebookHikariCP - Starting...
2019/09/04-14:38 [main] INFO  com.zaxxer.hikari.HikariDataSource- DatebookHikariCP - Start completed.
2019/09/04-14:38 [Thread-2] INFO  org.springframework.scheduling.concurrent.ThreadPoolTaskExecutor- Shutting down ExecutorService 'applicationTaskExecutor'
2019/09/04-14:38 [Thread-2] INFO  com.zaxxer.hikari.HikariDataSource- DatebookHikariCP - Shutdown initiated...
2019/09/04-14:38 [Thread-2] INFO  com.zaxxer.hikari.HikariDataSource- DatebookHikariCP - Shutdown completed.
2019/09/04-14:38 [main] INFO  com.hanz.stuspringbootdemo.UserServiceTests- Starting UserServiceTests on SKY-20180630DXE with PID 11800 (started by Administrator in E:\Project\ideaworkspace\stu-springboot-demo)
2019/09/04-14:38 [main] INFO  com.hanz.stuspringbootdemo.UserServiceTests- No active profile set, falling back to default profiles: default
2019/09/04-14:38 [main] INFO  org.springframework.context.support.PostProcessorRegistrationDelegate$BeanPostProcessorChecker- Bean 'org.springframework.transaction.annotation.ProxyTransactionManagementConfiguration' of type [org.springframework.transaction.annotation.ProxyTransactionManagementConfiguration$$EnhancerBySpringCGLIB$$c5c8b2e3] is not eligible for getting processed by all BeanPostProcessors (for example: not eligible for auto-proxying)
2019/09/04-14:38 [main] INFO  com.hanz.stuspringbootdemo.config.jedis.JedisConfig- JedisPool注入成功！
2019/09/04-14:38 [main] INFO  com.hanz.stuspringbootdemo.config.jedis.JedisConfig- redis地址：127.0.0.1:6379
2019/09/04-14:38 [main] INFO  org.springframework.scheduling.concurrent.ThreadPoolTaskExecutor- Initializing ExecutorService 'applicationTaskExecutor'
2019/09/04-14:38 [main] INFO  org.springframework.boot.actuate.endpoint.web.EndpointLinksResolver- Exposing 2 endpoint(s) beneath base path '/actuator'
2019/09/04-14:38 [main] INFO  com.hanz.stuspringbootdemo.UserServiceTests- Started UserServiceTests in 8.46 seconds (JVM running for 9.972)
2019/09/04-14:38 [main] INFO  com.zaxxer.hikari.HikariDataSource- DatebookHikariCP - Starting...
2019/09/04-14:38 [main] INFO  com.zaxxer.hikari.HikariDataSource- DatebookHikariCP - Start completed.
2019/09/04-14:38 [Thread-2] INFO  org.springframework.scheduling.concurrent.ThreadPoolTaskExecutor- Shutting down ExecutorService 'applicationTaskExecutor'
2019/09/04-14:38 [Thread-2] INFO  com.zaxxer.hikari.HikariDataSource- DatebookHikariCP - Shutdown initiated...
2019/09/04-14:38 [Thread-2] INFO  com.zaxxer.hikari.HikariDataSource- DatebookHikariCP - Shutdown completed.
